<?xml version="1.0" encoding="UTF-8"?>
<testng-results skipped="0" failed="0" ignored="0" total="4" passed="4">
  <reporter-output>
  </reporter-output>
  <suite name="Surefire suite" duration-ms="126" started-at="2020-06-22T12:04:16 IST" finished-at="2020-06-22T12:04:16 IST">
    <groups>
    </groups>
    <test name="Surefire test" duration-ms="126" started-at="2020-06-22T12:04:16 IST" finished-at="2020-06-22T12:04:16 IST">
      <class name="qaclickacademy.RESTAPITest">
        <test-method status="PASS" signature="deletetwitter()" name="deletetwitter" duration-ms="27" started-at="2020-06-22T12:04:16 IST" finished-at="2020-06-22T12:04:16 IST">
          <reporter-output>
          </reporter-output>
        </test-method> <!-- deletetwitter -->
        <test-method status="PASS" signature="postjira()" name="postjira" duration-ms="26" started-at="2020-06-22T12:04:16 IST" finished-at="2020-06-22T12:04:16 IST">
          <reporter-output>
          </reporter-output>
        </test-method> <!-- postjira -->
      </class> <!-- qaclickacademy.RESTAPITest -->
      <class name="qaclickacademy.SeleniumTest">
        <test-method status="PASS" signature="webapi()" name="webapi" duration-ms="2" started-at="2020-06-22T12:04:16 IST" finished-at="2020-06-22T12:04:16 IST">
          <reporter-output>
          </reporter-output>
        </test-method> <!-- webapi -->
        <test-method status="PASS" signature="webautomation()" name="webautomation" duration-ms="2" started-at="2020-06-22T12:04:16 IST" finished-at="2020-06-22T12:04:16 IST">
          <reporter-output>
          </reporter-output>
        </test-method> <!-- webautomation -->
      </class> <!-- qaclickacademy.SeleniumTest -->
    </test> <!-- Surefire test -->
  </suite> <!-- Surefire suite -->
</testng-results>
