<?xml version="1.0" encoding="UTF-8"?>
<!-- Generated by org.testng.reporters.JUnitXMLReporter -->
<testsuite hostname="DESKTOP-9VN76KV" ignored="0" name="Test" tests="4" failures="0" timestamp="2020-06-22T12:39:42 IST" time="0.084" errors="0">
  <testcase name="mobileapi" time="0.007" classname="qaclickacademy.AppiumTest"/>
  <testcase name="mobileautomation" time="0.001" classname="qaclickacademy.AppiumTest"/>
  <testcase name="webapi" time="0.001" classname="qaclickacademy.SeleniumTest"/>
  <testcase name="webautomation" time="0.001" classname="qaclickacademy.SeleniumTest"/>
</testsuite> <!-- Test -->
