<?xml version="1.0" encoding="UTF-8"?>
<testng-results skipped="0" failed="0" ignored="0" total="2" passed="2">
  <reporter-output>
  </reporter-output>
  <suite name="Default suite" duration-ms="257" started-at="2020-06-22T12:07:57 IST" finished-at="2020-06-22T12:07:58 IST">
    <groups>
    </groups>
    <test name="Default test" duration-ms="257" started-at="2020-06-22T12:07:57 IST" finished-at="2020-06-22T12:07:58 IST">
      <class name="qaclickacademy.AppiumTest">
        <test-method status="PASS" signature="mobileapi()[pri:0, instance:qaclickacademy.AppiumTest@1f57539]" name="mobileapi" duration-ms="35" started-at="2020-06-22T12:07:58 IST" finished-at="2020-06-22T12:07:58 IST">
          <reporter-output>
          </reporter-output>
        </test-method> <!-- mobileapi -->
        <test-method status="PASS" signature="mobileautomation()[pri:0, instance:qaclickacademy.AppiumTest@1f57539]" name="mobileautomation" duration-ms="3" started-at="2020-06-22T12:07:58 IST" finished-at="2020-06-22T12:07:58 IST">
          <reporter-output>
          </reporter-output>
        </test-method> <!-- mobileautomation -->
      </class> <!-- qaclickacademy.AppiumTest -->
    </test> <!-- Default test -->
  </suite> <!-- Default suite -->
</testng-results>
