<?xml version="1.0" encoding="UTF-8"?>
<!-- Generated by org.testng.reporters.JUnitXMLReporter -->
<testsuite hostname="DESKTOP-9VN76KV" ignored="0" name="Surefire test" tests="4" failures="0" timestamp="2020-06-22T12:04:16 IST" time="0.126" errors="0">
  <testcase name="postjira on postjira(qaclickacademy.RESTAPITest)" time="0.026" classname="qaclickacademy.RESTAPITest"/>
  <testcase name="deletetwitter on deletetwitter(qaclickacademy.RESTAPITest)" time="0.027" classname="qaclickacademy.RESTAPITest"/>
  <testcase name="webapi on webapi(qaclickacademy.SeleniumTest)" time="0.002" classname="qaclickacademy.SeleniumTest"/>
  <testcase name="webautomation on webautomation(qaclickacademy.SeleniumTest)" time="0.002" classname="qaclickacademy.SeleniumTest"/>
</testsuite> <!-- Surefire test -->
